<?xml version="1.0" encoding="UTF-8"?>
<!-- Generated by org.testng.reporters.JUnitReportReporter -->
<testsuite hostname="User-PC" failures="0" tests="1" name="insuranceCalculation_Motorcycle.EndToEndTests_motorcycle" time="16.438" errors="0" timestamp="2021-08-26T19:04:18 IST" skipped="0">
  <testcase classname="insuranceCalculation_Motorcycle.EndToEndTests_motorcycle" name="insuranceCalculate_VolvoMotor" time="16.438"/>
  <system-out/>
</testsuite> <!-- insuranceCalculation_Motorcycle.EndToEndTests_motorcycle -->
